<?xml version="1.0" encoding="UTF-8" ?>
<testsuites>
  <testsuite failures="0" id="0" name="JUnitFormatter" package="cucumber.runtime.formatter" skipped="0" tests="1" time="14.457595">
    <testcase classname="Bueyer" name="The buyer is successfully login" time="14.457595">
      <system-out><![CDATA[Given The bueyer goes to the ws.............................................passed
When The bueyer tries to log in.............................................passed
Then He is successfully login...............................................passed
]]></system-out>

    </testcase>

  </testsuite>
</testsuites>
